<?xml version="1.0" encoding="UTF-8"?>
<!-- Generated by org.testng.reporters.JUnitXMLReporter -->
<testsuite hostname="Aaas-MacBook-Pro.local" ignored="1" name="Surefire test" tests="15" failures="0" timestamp="2022-04-11T18:50:14 IST" time="13.683" errors="0">
  <testcase name="getListOfUsers" time="2.858" classname="com.liseInfotech.reqresTest.RequestTest"/>
  <testcase name="getSingleUser" time="0.354" classname="com.liseInfotech.reqresTest.RequestTest"/>
  <testcase name="getUnknownUserList" time="0.301" classname="com.liseInfotech.reqresTest.RequestTest"/>
  <testcase name="getSingleUnknownUser" time="0.29" classname="com.liseInfotech.reqresTest.RequestTest"/>
  <testcase name="getDelayResponse" time="3.704" classname="com.liseInfotech.reqresTest.RequestTest"/>
  <testcase name="getInvalidUser" time="0.329" classname="com.liseInfotech.reqresTest.RequestTest"/>
  <testcase name="getInvalidUnknownUser" time="0.58" classname="com.liseInfotech.reqresTest.RequestTest"/>
  <testcase name="postUser" time="0.628" classname="com.liseInfotech.reqresTest.RequestTest"/>
  <testcase name="postUserCredential" time="0.909" classname="com.liseInfotech.reqresTest.RequestTest"/>
  <testcase name="userLoginByPost" time="0.616" classname="com.liseInfotech.reqresTest.RequestTest"/>
  <testcase name="invalidUserCredentialByPost" time="0.605" classname="com.liseInfotech.reqresTest.RequestTest"/>
  <testcase name="invalidUserLoginByPost" time="0.616" classname="com.liseInfotech.reqresTest.RequestTest"/>
  <testcase name="updateUserDetailsByPut" time="0.616" classname="com.liseInfotech.reqresTest.RequestTest"/>
  <testcase name="updateUserDetailsByPatch" time="0.526" classname="com.liseInfotech.reqresTest.RequestTest"/>
  <testcase name="deleteDBObject" time="0.698" classname="com.liseInfotech.reqresTest.RequestTest"/>
  <testcase name="@BeforeSuite beforeSuite" time="0.0" classname="com.liseInfotech.reqresTest.BaseTest">
    <ignored/>
  </testcase> <!-- @BeforeSuite beforeSuite -->
</testsuite> <!-- Surefire test -->
