<?xml version="1.0" encoding="UTF-8"?>
<!-- Generated by org.testng.reporters.JUnitXMLReporter -->
<testsuite hostname="Aaas-MacBook-Pro.local" ignored="0" name="ReqresTestCases" tests="15" failures="0" timestamp="2022-04-10T00:54:56 IST" time="39.15" errors="0">
  <testcase name="getListOfUsers" time="12.609" classname="com.liseInfotech.reqresTest.RequestTest"/>
  <testcase name="getSingleUser" time="2.065" classname="com.liseInfotech.reqresTest.RequestTest"/>
  <testcase name="getUnknownUserList" time="2.293" classname="com.liseInfotech.reqresTest.RequestTest"/>
  <testcase name="getSingleUnknownUser" time="1.547" classname="com.liseInfotech.reqresTest.RequestTest"/>
  <testcase name="getDelayResponse" time="3.982" classname="com.liseInfotech.reqresTest.RequestTest"/>
  <testcase name="getInvalidUser" time="0.906" classname="com.liseInfotech.reqresTest.RequestTest"/>
  <testcase name="getInvalidUnknownUser" time="1.13" classname="com.liseInfotech.reqresTest.RequestTest"/>
  <testcase name="postUser" time="2.078" classname="com.liseInfotech.reqresTest.RequestTest"/>
  <testcase name="postUserCredential" time="1.124" classname="com.liseInfotech.reqresTest.RequestTest"/>
  <testcase name="userLoginByPost" time="1.209" classname="com.liseInfotech.reqresTest.RequestTest"/>
  <testcase name="invalidUserCredentialByPost" time="0.902" classname="com.liseInfotech.reqresTest.RequestTest"/>
  <testcase name="invalidUserLoginByPost" time="2.545" classname="com.liseInfotech.reqresTest.RequestTest"/>
  <testcase name="updateUserDetailsByPut" time="1.15" classname="com.liseInfotech.reqresTest.RequestTest"/>
  <testcase name="updateUserDetailsByPatch" time="2.583" classname="com.liseInfotech.reqresTest.RequestTest"/>
  <testcase name="deleteDBObject" time="2.904" classname="com.liseInfotech.reqresTest.RequestTest"/>
</testsuite> <!-- ReqresTestCases -->
