<?xml version="1.0" encoding="UTF-8"?>
<!-- Generated by org.testng.reporters.JUnitXMLReporter -->
<testsuite hostname="Aaas-MacBook-Pro.local" ignored="1" name="Command line test" tests="15" failures="0" timestamp="2022-04-10T02:12:38 IST" time="19.51" errors="0">
  <testcase name="getListOfUsers" time="2.849" classname="com.liseInfotech.reqresTest.RequestTest"/>
  <testcase name="getSingleUser" time="0.863" classname="com.liseInfotech.reqresTest.RequestTest"/>
  <testcase name="getUnknownUserList" time="0.554" classname="com.liseInfotech.reqresTest.RequestTest"/>
  <testcase name="getSingleUnknownUser" time="0.475" classname="com.liseInfotech.reqresTest.RequestTest"/>
  <testcase name="getDelayResponse" time="4.126" classname="com.liseInfotech.reqresTest.RequestTest"/>
  <testcase name="getInvalidUser" time="1.067" classname="com.liseInfotech.reqresTest.RequestTest"/>
  <testcase name="getInvalidUnknownUser" time="1.256" classname="com.liseInfotech.reqresTest.RequestTest"/>
  <testcase name="postUser" time="0.906" classname="com.liseInfotech.reqresTest.RequestTest"/>
  <testcase name="postUserCredential" time="1.221" classname="com.liseInfotech.reqresTest.RequestTest"/>
  <testcase name="userLoginByPost" time="1.226" classname="com.liseInfotech.reqresTest.RequestTest"/>
  <testcase name="invalidUserCredentialByPost" time="0.914" classname="com.liseInfotech.reqresTest.RequestTest"/>
  <testcase name="invalidUserLoginByPost" time="1.229" classname="com.liseInfotech.reqresTest.RequestTest"/>
  <testcase name="updateUserDetailsByPut" time="0.927" classname="com.liseInfotech.reqresTest.RequestTest"/>
  <testcase name="updateUserDetailsByPatch" time="0.917" classname="com.liseInfotech.reqresTest.RequestTest"/>
  <testcase name="deleteDBObject" time="0.923" classname="com.liseInfotech.reqresTest.RequestTest"/>
  <testcase name="@BeforeSuite beforeSuite" time="0.0" classname="com.liseInfotech.reqresTest.BaseTest">
    <ignored/>
  </testcase> <!-- @BeforeSuite beforeSuite -->
</testsuite> <!-- Command line test -->
