<?xml version="1.0" encoding="UTF-8"?>
<testsuite xmlns:xsi="http://www.w3.org/2001/XMLSchema-instance" xsi:noNamespaceSchemaLocation="https://maven.apache.org/surefire/maven-surefire-plugin/xsd/surefire-test-report-3.0.xsd" version="3.0" name="com.liseInfotech.reqresTest.RequestTest" time="26.365" tests="15" errors="0" skipped="0" failures="0">
  <properties>
[...]
</properties>
  <testcase name="getListOfUsers" classname="com.liseInfotech.reqresTest.RequestTest" time="3.507">
    <system-out><![CDATA[This is first priority...get(Userlist)
]]></system-out>
    <system-err><![CDATA[SLF4J: Failed to load class "org.slf4j.impl.StaticLoggerBinder".
SLF4J: Defaulting to no-operation (NOP) logger implementation
SLF4J: See http://www.slf4j.org/codes.html#StaticLoggerBinder for further details.
]]></system-err>
  </testcase>
  <testcase name="getSingleUser" classname="com.liseInfotech.reqresTest.RequestTest" time="0.356">
    <system-out><![CDATA[This is second priority...get(singleUser)
]]></system-out>
  </testcase>
  <testcase name="getUnknownUserList" classname="com.liseInfotech.reqresTest.RequestTest" time="0.305">
    <system-out><![CDATA[This is third priority...get_UnknownList
]]></system-out>
  </testcase>
  <testcase name="getSingleUnknownUser" classname="com.liseInfotech.reqresTest.RequestTest" time="0.349">
    <system-out><![CDATA[This is fourth priority...get_SingleUnknown
]]></system-out>
  </testcase>
  <testcase name="getDelayResponse" classname="com.liseInfotech.reqresTest.RequestTest" time="3.582">
    <system-out><![CDATA[This is fifth priority...getDelayResponse
]]></system-out>
  </testcase>
  <testcase name="getInvalidUser" classname="com.liseInfotech.reqresTest.RequestTest" time="0.315">
    <system-out><![CDATA[This is sixth priority...get_invalidUser
{}
]]></system-out>
  </testcase>
  <testcase name="getInvalidUnknownUser" classname="com.liseInfotech.reqresTest.RequestTest" time="0.297">
    <system-out><![CDATA[This is seventh priority...get_InvalidUnknown
]]></system-out>
  </testcase>
  <testcase name="postUser" classname="com.liseInfotech.reqresTest.RequestTest" time="0.635">
    <system-out><![CDATA[This is eighth priority...postUser
]]></system-out>
  </testcase>
  <testcase name="postUserCredential" classname="com.liseInfotech.reqresTest.RequestTest" time="0.924">
    <system-out><![CDATA[This is nine th priority...postUserCre
body : {"email": "eve.holt@reqres.in", "password": "pistol"}
]]></system-out>
  </testcase>
  <testcase name="userLoginByPost" classname="com.liseInfotech.reqresTest.RequestTest" time="0.641">
    <system-out><![CDATA[This is tenth priority...postLogin
{"token":"QpwL5tke4Pnpja7X4"}
]]></system-out>
  </testcase>
  <testcase name="invalidUserCredentialByPost" classname="com.liseInfotech.reqresTest.RequestTest" time="0.851">
    <system-out><![CDATA[This is 11th priority...postInvalidCre
]]></system-out>
  </testcase>
  <testcase name="invalidUserLoginByPost" classname="com.liseInfotech.reqresTest.RequestTest" time="0.678">
    <system-out><![CDATA[This is 12th priority...postInvalidUserLogin
]]></system-out>
  </testcase>
  <testcase name="updateUserDetailsByPut" classname="com.liseInfotech.reqresTest.RequestTest" time="0.61">
    <system-out><![CDATA[This is 13 in priority...putUpdateUser
]]></system-out>
  </testcase>
  <testcase name="updateUserDetailsByPatch" classname="com.liseInfotech.reqresTest.RequestTest" time="0.86">
    <system-out><![CDATA[This is 14th priority...patchUpdateUserDetails
]]></system-out>
  </testcase>
  <testcase name="deleteDBObject" classname="com.liseInfotech.reqresTest.RequestTest" time="0.609">
    <system-out><![CDATA[This is 15th priority...delete
]]></system-out>
  </testcase>
</testsuite>